<?xml version="1.0" encoding="UTF-8"?>
<!-- Generated by org.testng.reporters.JUnitReportReporter -->
<testsuite hostname="LAPTOP-0TH2U9N4" failures="0" tests="3" name="com.myAutomation.tests.Group_Ex2" time="0.023" errors="0" timestamp="2024-09-08T21:39:23 IST" skipped="0">
  <testcase classname="com.myAutomation.tests.Group_Ex2" name="test5" time="0.002"/>
  <testcase classname="com.myAutomation.tests.Group_Ex2" name="test6" time="0.010"/>
  <testcase classname="com.myAutomation.tests.Group_Ex2" name="test4" time="0.011"/>
</testsuite> <!-- com.myAutomation.tests.Group_Ex2 -->
