<?xml version="1.0" encoding="UTF-8"?>
<!-- Generated by org.testng.reporters.JUnitReportReporter -->
<testsuite hostname="LAPTOP-0TH2U9N4" failures="0" tests="2" name="com.myAutomation.tests.annotationsConcept" time="0.016" errors="0" timestamp="2025-02-15T09:06:39 IST" skipped="0">
  <testcase classname="com.myAutomation.tests.annotationsConcept" name="testMethod" time="0.011"/>
  <testcase classname="com.myAutomation.tests.annotationsConcept" name="testMethod2" time="0.005"/>
</testsuite> <!-- com.myAutomation.tests.annotationsConcept -->
