<?xml version="1.0" encoding="UTF-8"?>
<!-- Generated by org.testng.reporters.JUnitReportReporter -->
<testsuite hostname="LAPTOP-0TH2U9N4" failures="0" tests="10" name="com.myAutomation.tests.ParametarizationConcept" time="35.058" errors="0" timestamp="2024-03-03T10:11:43 IST" skipped="0">
  <testcase classname="com.myAutomation.tests.ParametarizationConcept" name="verifyLogin" time="3.714"/>
  <testcase classname="com.myAutomation.tests.ParametarizationConcept" name="clickLoginBtn" time="4.815"/>
  <testcase classname="com.myAutomation.tests.ParametarizationConcept" name="openBrowser" time="6.874"/>
  <testcase classname="com.myAutomation.tests.ParametarizationConcept" name="clickLoginBtn" time="4.333"/>
  <testcase classname="com.myAutomation.tests.ParametarizationConcept" name="openBrowser" time="6.873"/>
  <testcase classname="com.myAutomation.tests.ParametarizationConcept" name="verifyLogin" time="3.439"/>
  <testcase classname="com.myAutomation.tests.ParametarizationConcept" name="enterCredentials" time="0.365"/>
  <testcase classname="com.myAutomation.tests.ParametarizationConcept" name="launchApplication" time="2.116"/>
  <testcase classname="com.myAutomation.tests.ParametarizationConcept" name="launchApplication" time="2.291"/>
  <testcase classname="com.myAutomation.tests.ParametarizationConcept" name="enterCredentials" time="0.238"/>
</testsuite> <!-- com.myAutomation.tests.ParametarizationConcept -->
