<?xml version="1.0" encoding="UTF-8"?>
<!-- Generated by org.testng.reporters.JUnitReportReporter -->
<testsuite hostname="LAPTOP-0TH2U9N4" failures="0" tests="2" name="com.myAutomation.parallel.SampleTestCase" time="40.133" errors="0" timestamp="2024-03-03T10:06:09 IST" skipped="0">
  <testcase classname="com.myAutomation.parallel.SampleTestCase" name="swagLogin" time="19.006"/>
  <testcase classname="com.myAutomation.parallel.SampleTestCase" name="acmeLogin" time="21.127"/>
</testsuite> <!-- com.myAutomation.parallel.SampleTestCase -->
