<?xml version="1.0" encoding="UTF-8"?>
<!-- Generated by org.testng.reporters.JUnitReportReporter -->
<testsuite hostname="LAPTOP-0TH2U9N4" failures="0" tests="2" name="com.myAutomation.tests.Sample_Test" time="47.003" errors="0" timestamp="2024-06-10T21:16:30 IST" skipped="0">
  <testcase classname="com.myAutomation.tests.Sample_Test" name="acmeLogin" time="25.208"/>
  <testcase classname="com.myAutomation.tests.Sample_Test" name="swagLogin" time="21.795"/>
</testsuite> <!-- com.myAutomation.tests.Sample_Test -->
