<?xml version="1.0" encoding="UTF-8"?>
<!-- Generated by org.testng.reporters.JUnitReportReporter -->
<testsuite hostname="LAPTOP-0TH2U9N4" failures="0" tests="3" name="com.myAutomation.tests.Group_Ex1" time="0.013" errors="0" timestamp="2024-06-24T20:51:24 IST" skipped="0">
  <testcase classname="com.myAutomation.tests.Group_Ex1" name="test2" time="0.001"/>
  <testcase classname="com.myAutomation.tests.Group_Ex1" name="test3" time="0.002"/>
  <testcase classname="com.myAutomation.tests.Group_Ex1" name="test1" time="0.010"/>
</testsuite> <!-- com.myAutomation.tests.Group_Ex1 -->
