<?xml version="1.0" encoding="UTF-8"?>
<!-- Generated by org.testng.reporters.JUnitReportReporter -->
<testsuite hostname="LAPTOP-0TH2U9N4" failures="0" tests="1" name="com.myAutomation.tests.ExceptionTimeOutTest" time="0.009" errors="0" timestamp="2025-02-14T21:46:58 IST" skipped="0">
  <testcase classname="com.myAutomation.tests.ExceptionTimeOutTest" name="test1" time="0.009"/>
</testsuite> <!-- com.myAutomation.tests.ExceptionTimeOutTest -->
