<?xml version="1.0" encoding="UTF-8"?>
<!-- Generated by org.testng.reporters.JUnitReportReporter -->
<testsuite hostname="LAPTOP-0TH2U9N4" failures="0" tests="5" name="com.myAutomation.tests.InvocationCountTest" time="0.014" errors="0" timestamp="2025-02-15T12:36:35 IST" skipped="0">
  <testcase classname="com.myAutomation.tests.InvocationCountTest" name="sum" time="0.001"/>
  <testcase classname="com.myAutomation.tests.InvocationCountTest" name="sum" time="0.008"/>
  <testcase classname="com.myAutomation.tests.InvocationCountTest" name="sum" time="0.002"/>
  <testcase classname="com.myAutomation.tests.InvocationCountTest" name="sum" time="0.002"/>
  <testcase classname="com.myAutomation.tests.InvocationCountTest" name="sum" time="0.001"/>
</testsuite> <!-- com.myAutomation.tests.InvocationCountTest -->
