<?xml version="1.0" encoding="UTF-8"?>
<!-- Generated by org.testng.reporters.JUnitReportReporter -->
<testsuite hostname="LAPTOP-0TH2U9N4" failures="0" tests="2" name="com.myAutomation.dataProvider.DataProviderEx4" time="0.015" errors="0" timestamp="2025-02-21T23:23:16 IST" skipped="0">
  <testcase classname="com.myAutomation.dataProvider.DataProviderEx4" name="test" time="0.013"/>
  <testcase classname="com.myAutomation.dataProvider.DataProviderEx4" name="test" time="0.002"/>
</testsuite> <!-- com.myAutomation.dataProvider.DataProviderEx4 -->
