<?xml version="1.0" encoding="UTF-8"?>
<!-- Generated by org.testng.reporters.JUnitReportReporter -->
<testsuite hostname="LAPTOP-0TH2U9N4" failures="0" tests="2" name="com.myAutomation.dataProvider.DataProviderEx1" time="29.955" errors="0" timestamp="2025-02-02T12:26:53 IST" skipped="0">
  <testcase classname="com.myAutomation.dataProvider.DataProviderEx1" name="acmeLogin" time="18.060"/>
  <testcase classname="com.myAutomation.dataProvider.DataProviderEx1" name="acmeLogin" time="11.895"/>
</testsuite> <!-- com.myAutomation.dataProvider.DataProviderEx1 -->
