<?xml version="1.0" encoding="UTF-8"?>
<!-- Generated by org.testng.reporters.JUnitReportReporter -->
<testsuite hostname="LAPTOP-0TH2U9N4" failures="0" tests="2" name="com.myAutomation.parallel.SampleTestCase2" time="39.751" errors="0" timestamp="2024-03-03T10:06:09 IST" skipped="0">
  <testcase classname="com.myAutomation.parallel.SampleTestCase2" name="swagLogin" time="18.814"/>
  <testcase classname="com.myAutomation.parallel.SampleTestCase2" name="acmeLogin" time="20.937"/>
</testsuite> <!-- com.myAutomation.parallel.SampleTestCase2 -->
