<?xml version="1.0" encoding="UTF-8"?>
<!-- Generated by org.testng.reporters.JUnitReportReporter -->
<testsuite hostname="LAPTOP-0TH2U9N4" failures="0" tests="2" name="com.myAutomation.dataProvider.DataProviderEx3" time="32.735" errors="0" timestamp="2024-03-03T15:05:46 IST" skipped="0">
  <testcase classname="com.myAutomation.dataProvider.DataProviderEx3" name="acmeLogin" time="20.611"/>
  <testcase classname="com.myAutomation.dataProvider.DataProviderEx3" name="acmeLogin" time="12.124"/>
</testsuite> <!-- com.myAutomation.dataProvider.DataProviderEx3 -->
