<?xml version="1.0" encoding="UTF-8"?>
<!-- Generated by org.testng.reporters.JUnitReportReporter -->
<testsuite hostname="LAPTOP-0TH2U9N4" failures="0" tests="2" name="practiceSessions.LoginTest" time="0.017" errors="0" timestamp="2024-09-06T12:56:53 IST" skipped="0">
  <testcase classname="practiceSessions.LoginTest" name="tes1" time="0.010"/>
  <testcase classname="practiceSessions.LoginTest" name="test2" time="0.007"/>
</testsuite> <!-- practiceSessions.LoginTest -->
