<?xml version="1.0" encoding="UTF-8"?>
<!-- Generated by org.testng.reporters.JUnitReportReporter -->
<testsuite hostname="LAPTOP-0TH2U9N4" failures="0" tests="6" name="com.myAutomation.tests.firstTestNGclass" time="0.024" errors="0" timestamp="2025-02-14T21:47:36 IST" skipped="0">
  <testcase classname="com.myAutomation.tests.firstTestNGclass" name="verifyLogin" time="0.002"/>
  <testcase classname="com.myAutomation.tests.firstTestNGclass" name="launchApplication" time="0.014"/>
  <testcase classname="com.myAutomation.tests.firstTestNGclass" name="openBrowser" time="0.002"/>
  <testcase classname="com.myAutomation.tests.firstTestNGclass" name="enterUsername" time="0.001"/>
  <testcase classname="com.myAutomation.tests.firstTestNGclass" name="clickLoginBtn" time="0.003"/>
  <testcase classname="com.myAutomation.tests.firstTestNGclass" name="enterPassword" time="0.002"/>
</testsuite> <!-- com.myAutomation.tests.firstTestNGclass -->
